2026-01-05 22:52:36.761176 | admin | Created container Test-Container
2026-01-05 22:52:51.886274 | admin | Started AWS
2026-01-05 22:52:58.024207 | admin | Started devops-web-1
2026-01-05 22:53:04.244755 | admin | Started nginx-demo
2026-01-05 22:53:06.120057 | admin | Started nginx-demo-1
2026-01-05 22:53:24.610535 | admin | Deleted nginx-demo
2026-01-05 23:08:43.857982 | admin | Started devops-web-1
2026-01-05 23:11:25.851396 | admin | Started nginx-test
2026-01-05 23:11:32.319478 | admin | Started nginx-test
2026-01-05 23:11:33.803862 | admin | Started nginx-test
2026-01-05 23:11:44.811081 | admin | Started devops-web-1
2026-01-05 23:11:48.293171 | admin | Started devops-web-1
2026-01-05 23:11:51.203295 | admin | Stopped devops-web-1
2026-01-05 23:11:54.040424 | admin | Stopped nginx-test
2026-01-05 23:11:59.961706 | admin | Deleted devops-web-1
2026-01-05 23:12:07.824136 | admin | Deleted nginx-test
2026-01-05 23:12:40.316348 | admin | Created container data-app-test (data-web:latest)
2026-01-05 23:17:47.688762 | admin | Deleted data-app-test
2026-01-05 23:18:09.497036 | admin | Created container data-app-test (data-web:latest)
2026-01-05 23:12:45.454475 | admin | Started AWS
2026-01-05 23:56:01.587371 | admin | Started AWS
2026-01-05 23:56:07.742697 | admin | Started Test-Container
2026-01-05 23:56:21.967436 | admin | Started devops-app-test
2026-01-05 23:56:24.691186 | admin | Started data-app-test
2026-01-05 23:56:27.937503 | admin | Started nginx-demo-1
2026-01-05 23:56:32.991835 | admin | Stopped nginx-demo-1
2026-01-05 23:56:34.538044 | admin | Stopped devops-app-test
2026-01-05 23:56:35.175346 | admin | Stopped adminer
2026-01-05 23:56:35.913315 | admin | Stopped Test-Container
2026-01-06 00:24:20.154846 | admin | Stopped data-app-test
